[INFO ] [28/01/2023 07:30:12 p. m.] [com.example.moneycoach.MoneyCoachApplication] - Starting MoneyCoachApplication using Java 17.0.5 with PID 6456 (D:\USER\Escritorio\Proyectos\BEDU\HSBC\TP Developer Engineering\Java Backend Intermedio\Money-Coach\Money-Coach\target\classes started by USER in D:\USER\Escritorio\Proyectos\BEDU\HSBC\TP Developer Engineering\Java Backend Intermedio\Money-Coach\Money-Coach)
[INFO ] [28/01/2023 07:30:12 p. m.] [com.example.moneycoach.MoneyCoachApplication] - No active profile set, falling back to 1 default profile: "default"
[INFO ] [28/01/2023 07:30:13 p. m.] [org.springframework.data.repository.config.RepositoryConfigurationDelegate] - Bootstrapping Spring Data JPA repositories in DEFAULT mode.
[INFO ] [28/01/2023 07:30:13 p. m.] [org.springframework.data.repository.config.RepositoryConfigurationDelegate] - Finished Spring Data repository scanning in 189 ms. Found 3 JPA repository interfaces.
[INFO ] [28/01/2023 07:30:14 p. m.] [org.springframework.context.support.PostProcessorRegistrationDelegate$BeanPostProcessorChecker] - Bean 'org.springframework.ws.config.annotation.DelegatingWsConfiguration' of type [org.springframework.ws.config.annotation.DelegatingWsConfiguration$$SpringCGLIB$$0] is not eligible for getting processed by all BeanPostProcessors (for example: not eligible for auto-proxying)
[INFO ] [28/01/2023 07:30:14 p. m.] [org.springframework.ws.soap.addressing.server.AnnotationActionEndpointMapping] - Supporting [WS-Addressing August 2004, WS-Addressing 1.0]
[INFO ] [28/01/2023 07:30:14 p. m.] [org.springframework.boot.web.embedded.tomcat.TomcatWebServer] - Tomcat initialized with port(s): 3000 (http)
[INFO ] [28/01/2023 07:30:14 p. m.] [org.apache.catalina.core.StandardService] - Starting service [Tomcat]
[INFO ] [28/01/2023 07:30:14 p. m.] [org.apache.catalina.core.StandardEngine] - Starting Servlet engine: [Apache Tomcat/10.1.5]
[INFO ] [28/01/2023 07:30:14 p. m.] [org.apache.catalina.core.ContainerBase.[Tomcat].[localhost].[/]] - Initializing Spring embedded WebApplicationContext
[INFO ] [28/01/2023 07:30:14 p. m.] [org.springframework.boot.web.servlet.context.ServletWebServerApplicationContext] - Root WebApplicationContext: initialization completed in 2069 ms
[INFO ] [28/01/2023 07:30:14 p. m.] [com.zaxxer.hikari.HikariDataSource] - HikariPool-1 - Starting...
[INFO ] [28/01/2023 07:30:14 p. m.] [com.zaxxer.hikari.pool.HikariPool] - HikariPool-1 - Added connection conn0: url=jdbc:h2:file:~/test user=SA
[INFO ] [28/01/2023 07:30:14 p. m.] [com.zaxxer.hikari.HikariDataSource] - HikariPool-1 - Start completed.
[INFO ] [28/01/2023 07:30:14 p. m.] [org.springframework.boot.autoconfigure.h2.H2ConsoleAutoConfiguration] - H2 console available at '/h2'. Database available at 'jdbc:h2:file:~/test'
[INFO ] [28/01/2023 07:30:15 p. m.] [org.hibernate.jpa.internal.util.LogHelper] - HHH000204: Processing PersistenceUnitInfo [name: default]
[INFO ] [28/01/2023 07:30:15 p. m.] [org.hibernate.Version] - HHH000412: Hibernate ORM core version 6.1.6.Final
[WARN ] [28/01/2023 07:30:15 p. m.] [org.hibernate.orm.deprecation] - HHH90000021: Encountered deprecated setting [javax.persistence.sharedCache.mode], use [jakarta.persistence.sharedCache.mode] instead
[INFO ] [28/01/2023 07:30:15 p. m.] [SQL dialect] - HHH000400: Using dialect: org.hibernate.dialect.H2Dialect
[INFO ] [28/01/2023 07:30:16 p. m.] [org.hibernate.engine.transaction.jta.platform.internal.JtaPlatformInitiator] - HHH000490: Using JtaPlatform implementation: [org.hibernate.engine.transaction.jta.platform.internal.NoJtaPlatform]
[INFO ] [28/01/2023 07:30:16 p. m.] [org.springframework.orm.jpa.LocalContainerEntityManagerFactoryBean] - Initialized JPA EntityManagerFactory for persistence unit 'default'
[WARN ] [28/01/2023 07:30:16 p. m.] [org.springframework.boot.autoconfigure.orm.jpa.JpaBaseConfiguration$JpaWebConfiguration] - spring.jpa.open-in-view is enabled by default. Therefore, database queries may be performed during view rendering. Explicitly configure spring.jpa.open-in-view to disable this warning
[INFO ] [28/01/2023 07:30:17 p. m.] [org.springframework.security.web.DefaultSecurityFilterChain] - Will secure any request with [org.springframework.security.web.session.DisableEncodeUrlFilter@5471342, org.springframework.security.web.context.request.async.WebAsyncManagerIntegrationFilter@2e1003d9, org.springframework.security.web.context.SecurityContextHolderFilter@4f466207, org.springframework.security.web.header.HeaderWriterFilter@1ec98548, org.springframework.security.web.authentication.logout.LogoutFilter@5e6ad84c, org.springframework.security.web.authentication.www.BasicAuthenticationFilter@7fda84cf, org.springframework.security.web.savedrequest.RequestCacheAwareFilter@7aa62a90, org.springframework.security.web.servletapi.SecurityContextHolderAwareRequestFilter@23ee31b8, org.springframework.security.web.authentication.AnonymousAuthenticationFilter@4e9d1119, org.springframework.security.web.session.SessionManagementFilter@23cfc9eb, org.springframework.security.web.access.ExceptionTranslationFilter@66450129, org.springframework.security.web.access.intercept.AuthorizationFilter@45e49d3d]
[WARN ] [28/01/2023 07:30:18 p. m.] [org.springframework.core.LocalVariableTableParameterNameDiscoverer] - Using deprecated '-debug' fallback for parameter name resolution. Compile the affected code with '-parameters' instead or avoid its introspection: org.springframework.amqp.rabbit.core.RabbitAdmin
[INFO ] [28/01/2023 07:30:18 p. m.] [org.springframework.boot.web.embedded.tomcat.TomcatWebServer] - Tomcat started on port(s): 3000 (http) with context path ''
[INFO ] [28/01/2023 07:30:18 p. m.] [com.example.moneycoach.MoneyCoachApplication] - Started MoneyCoachApplication in 6.659 seconds (process running for 7.833)
[INFO ] [28/01/2023 07:30:28 p. m.] [org.apache.catalina.core.ContainerBase.[Tomcat].[localhost].[/]] - Initializing Spring DispatcherServlet 'dispatcherServlet'
[INFO ] [28/01/2023 07:30:28 p. m.] [org.springframework.web.servlet.DispatcherServlet] - Initializing Servlet 'dispatcherServlet'
[INFO ] [28/01/2023 07:30:28 p. m.] [org.springframework.web.servlet.DispatcherServlet] - Completed initialization in 1 ms
[INFO ] [28/01/2023 07:32:32 p. m.] [org.springframework.orm.jpa.LocalContainerEntityManagerFactoryBean] - Closing JPA EntityManagerFactory for persistence unit 'default'
[INFO ] [28/01/2023 07:32:32 p. m.] [org.hibernate.tool.schema.internal.SchemaDropperImpl$DelayedDropActionImpl] - HHH000477: Starting delayed evictData of schema as part of SessionFactory shut-down'
[INFO ] [28/01/2023 07:32:32 p. m.] [com.zaxxer.hikari.HikariDataSource] - HikariPool-1 - Shutdown initiated...
[INFO ] [28/01/2023 07:32:32 p. m.] [com.zaxxer.hikari.HikariDataSource] - HikariPool-1 - Shutdown completed.
[INFO ] [28/01/2023 07:33:00 p. m.] [com.example.moneycoach.MoneyCoachApplication] - Starting MoneyCoachApplication using Java 17.0.5 with PID 15096 (D:\USER\Escritorio\Proyectos\BEDU\HSBC\TP Developer Engineering\Java Backend Intermedio\Money-Coach\Money-Coach\target\classes started by USER in D:\USER\Escritorio\Proyectos\BEDU\HSBC\TP Developer Engineering\Java Backend Intermedio\Money-Coach\Money-Coach)
[INFO ] [28/01/2023 07:33:00 p. m.] [com.example.moneycoach.MoneyCoachApplication] - No active profile set, falling back to 1 default profile: "default"
[INFO ] [28/01/2023 07:33:01 p. m.] [org.springframework.data.repository.config.RepositoryConfigurationDelegate] - Bootstrapping Spring Data JPA repositories in DEFAULT mode.
[INFO ] [28/01/2023 07:33:01 p. m.] [org.springframework.data.repository.config.RepositoryConfigurationDelegate] - Finished Spring Data repository scanning in 130 ms. Found 3 JPA repository interfaces.
[INFO ] [28/01/2023 07:33:01 p. m.] [org.springframework.context.support.PostProcessorRegistrationDelegate$BeanPostProcessorChecker] - Bean 'org.springframework.ws.config.annotation.DelegatingWsConfiguration' of type [org.springframework.ws.config.annotation.DelegatingWsConfiguration$$SpringCGLIB$$0] is not eligible for getting processed by all BeanPostProcessors (for example: not eligible for auto-proxying)
[INFO ] [28/01/2023 07:33:01 p. m.] [org.springframework.ws.soap.addressing.server.AnnotationActionEndpointMapping] - Supporting [WS-Addressing August 2004, WS-Addressing 1.0]
[INFO ] [28/01/2023 07:33:02 p. m.] [org.springframework.boot.web.embedded.tomcat.TomcatWebServer] - Tomcat initialized with port(s): 3000 (http)
[INFO ] [28/01/2023 07:33:02 p. m.] [org.apache.catalina.core.StandardService] - Starting service [Tomcat]
[INFO ] [28/01/2023 07:33:02 p. m.] [org.apache.catalina.core.StandardEngine] - Starting Servlet engine: [Apache Tomcat/10.1.5]
[INFO ] [28/01/2023 07:33:02 p. m.] [org.apache.catalina.core.ContainerBase.[Tomcat].[localhost].[/]] - Initializing Spring embedded WebApplicationContext
[INFO ] [28/01/2023 07:33:02 p. m.] [org.springframework.boot.web.servlet.context.ServletWebServerApplicationContext] - Root WebApplicationContext: initialization completed in 1668 ms
[INFO ] [28/01/2023 07:33:02 p. m.] [com.zaxxer.hikari.HikariDataSource] - HikariPool-1 - Starting...
[INFO ] [28/01/2023 07:33:02 p. m.] [com.zaxxer.hikari.pool.HikariPool] - HikariPool-1 - Added connection conn0: url=jdbc:h2:file:~/test user=SA
[INFO ] [28/01/2023 07:33:02 p. m.] [com.zaxxer.hikari.HikariDataSource] - HikariPool-1 - Start completed.
[INFO ] [28/01/2023 07:33:02 p. m.] [org.springframework.boot.autoconfigure.h2.H2ConsoleAutoConfiguration] - H2 console available at '/h2'. Database available at 'jdbc:h2:file:~/test'
[INFO ] [28/01/2023 07:33:02 p. m.] [org.hibernate.jpa.internal.util.LogHelper] - HHH000204: Processing PersistenceUnitInfo [name: default]
[INFO ] [28/01/2023 07:33:02 p. m.] [org.hibernate.Version] - HHH000412: Hibernate ORM core version 6.1.6.Final
[WARN ] [28/01/2023 07:33:02 p. m.] [org.hibernate.orm.deprecation] - HHH90000021: Encountered deprecated setting [javax.persistence.sharedCache.mode], use [jakarta.persistence.sharedCache.mode] instead
[INFO ] [28/01/2023 07:33:02 p. m.] [SQL dialect] - HHH000400: Using dialect: org.hibernate.dialect.H2Dialect
[DEBUG] [28/01/2023 07:33:03 p. m.] [org.hibernate.SQL] - drop table if exists entry cascade 
[DEBUG] [28/01/2023 07:33:03 p. m.] [org.hibernate.SQL] - drop table if exists exit cascade 
[DEBUG] [28/01/2023 07:33:03 p. m.] [org.hibernate.SQL] - drop table if exists person cascade 
[DEBUG] [28/01/2023 07:33:03 p. m.] [org.hibernate.SQL] - drop sequence if exists entry_seq
[DEBUG] [28/01/2023 07:33:03 p. m.] [org.hibernate.SQL] - drop sequence if exists exit_seq
[DEBUG] [28/01/2023 07:33:03 p. m.] [org.hibernate.SQL] - drop sequence if exists person_seq
[DEBUG] [28/01/2023 07:33:03 p. m.] [org.hibernate.SQL] - create sequence entry_seq start with 1 increment by 50
[DEBUG] [28/01/2023 07:33:03 p. m.] [org.hibernate.SQL] - create sequence exit_seq start with 1 increment by 50
[DEBUG] [28/01/2023 07:33:03 p. m.] [org.hibernate.SQL] - create sequence person_seq start with 1 increment by 50
[DEBUG] [28/01/2023 07:33:03 p. m.] [org.hibernate.SQL] - create table entry (id bigint not null, amount float(53) not null, concept varchar(255), date timestamp(6), person_id bigint not null, primary key (id))
[DEBUG] [28/01/2023 07:33:03 p. m.] [org.hibernate.SQL] - create table exit (id bigint not null, amount float(53) not null, concept varchar(255), date timestamp(6), person_id bigint not null, primary key (id))
[DEBUG] [28/01/2023 07:33:03 p. m.] [org.hibernate.SQL] - create table person (id bigint not null, lastname varchar(255), name varchar(255), username varchar(255), primary key (id))
[INFO ] [28/01/2023 07:33:03 p. m.] [org.hibernate.engine.transaction.jta.platform.internal.JtaPlatformInitiator] - HHH000490: Using JtaPlatform implementation: [org.hibernate.engine.transaction.jta.platform.internal.NoJtaPlatform]
[INFO ] [28/01/2023 07:33:03 p. m.] [org.springframework.orm.jpa.LocalContainerEntityManagerFactoryBean] - Initialized JPA EntityManagerFactory for persistence unit 'default'
[WARN ] [28/01/2023 07:33:04 p. m.] [org.springframework.boot.autoconfigure.orm.jpa.JpaBaseConfiguration$JpaWebConfiguration] - spring.jpa.open-in-view is enabled by default. Therefore, database queries may be performed during view rendering. Explicitly configure spring.jpa.open-in-view to disable this warning
[INFO ] [28/01/2023 07:33:05 p. m.] [org.springframework.security.web.DefaultSecurityFilterChain] - Will secure any request with [org.springframework.security.web.session.DisableEncodeUrlFilter@4e9d1119, org.springframework.security.web.context.request.async.WebAsyncManagerIntegrationFilter@5d1907fb, org.springframework.security.web.context.SecurityContextHolderFilter@7aa62a90, org.springframework.security.web.header.HeaderWriterFilter@5a106b26, org.springframework.security.web.authentication.logout.LogoutFilter@568e2d65, org.springframework.security.web.authentication.www.BasicAuthenticationFilter@19240b9, org.springframework.security.web.savedrequest.RequestCacheAwareFilter@5fc42998, org.springframework.security.web.servletapi.SecurityContextHolderAwareRequestFilter@16422f27, org.springframework.security.web.authentication.AnonymousAuthenticationFilter@6079d219, org.springframework.security.web.session.SessionManagementFilter@2bfe4df9, org.springframework.security.web.access.ExceptionTranslationFilter@1ec98548, org.springframework.security.web.access.intercept.AuthorizationFilter@4615bc00]
[WARN ] [28/01/2023 07:33:05 p. m.] [org.springframework.core.LocalVariableTableParameterNameDiscoverer] - Using deprecated '-debug' fallback for parameter name resolution. Compile the affected code with '-parameters' instead or avoid its introspection: org.springframework.amqp.rabbit.core.RabbitAdmin
[INFO ] [28/01/2023 07:33:05 p. m.] [org.springframework.boot.web.embedded.tomcat.TomcatWebServer] - Tomcat started on port(s): 3000 (http) with context path ''
[INFO ] [28/01/2023 07:33:05 p. m.] [com.example.moneycoach.MoneyCoachApplication] - Started MoneyCoachApplication in 5.799 seconds (process running for 6.466)
[INFO ] [28/01/2023 07:33:24 p. m.] [org.apache.catalina.core.ContainerBase.[Tomcat].[localhost].[/]] - Initializing Spring DispatcherServlet 'dispatcherServlet'
[INFO ] [28/01/2023 07:33:24 p. m.] [org.springframework.web.servlet.DispatcherServlet] - Initializing Servlet 'dispatcherServlet'
[INFO ] [28/01/2023 07:33:24 p. m.] [org.springframework.web.servlet.DispatcherServlet] - Completed initialization in 1 ms
[INFO ] [28/01/2023 07:34:07 p. m.] [org.springframework.orm.jpa.LocalContainerEntityManagerFactoryBean] - Closing JPA EntityManagerFactory for persistence unit 'default'
[INFO ] [28/01/2023 07:34:07 p. m.] [org.hibernate.tool.schema.internal.SchemaDropperImpl$DelayedDropActionImpl] - HHH000477: Starting delayed evictData of schema as part of SessionFactory shut-down'
[DEBUG] [28/01/2023 07:34:07 p. m.] [org.hibernate.SQL] - drop table if exists entry cascade 
[DEBUG] [28/01/2023 07:34:07 p. m.] [org.hibernate.SQL] - drop table if exists exit cascade 
[DEBUG] [28/01/2023 07:34:07 p. m.] [org.hibernate.SQL] - drop table if exists person cascade 
[DEBUG] [28/01/2023 07:34:07 p. m.] [org.hibernate.SQL] - drop sequence if exists entry_seq
[DEBUG] [28/01/2023 07:34:07 p. m.] [org.hibernate.SQL] - drop sequence if exists exit_seq
[DEBUG] [28/01/2023 07:34:07 p. m.] [org.hibernate.SQL] - drop sequence if exists person_seq
[INFO ] [28/01/2023 07:34:07 p. m.] [com.zaxxer.hikari.HikariDataSource] - HikariPool-1 - Shutdown initiated...
[INFO ] [28/01/2023 07:34:07 p. m.] [com.zaxxer.hikari.HikariDataSource] - HikariPool-1 - Shutdown completed.
[INFO ] [28/01/2023 07:39:16 p. m.] [com.example.moneycoach.MoneyCoachApplication] - Starting MoneyCoachApplication using Java 17.0.5 with PID 14436 (D:\USER\Escritorio\Proyectos\BEDU\HSBC\TP Developer Engineering\Java Backend Intermedio\Money-Coach\Money-Coach\target\classes started by USER in D:\USER\Escritorio\Proyectos\BEDU\HSBC\TP Developer Engineering\Java Backend Intermedio\Money-Coach\Money-Coach)
[INFO ] [28/01/2023 07:39:16 p. m.] [com.example.moneycoach.MoneyCoachApplication] - No active profile set, falling back to 1 default profile: "default"
[INFO ] [28/01/2023 07:39:17 p. m.] [org.springframework.data.repository.config.RepositoryConfigurationDelegate] - Bootstrapping Spring Data JPA repositories in DEFAULT mode.
[INFO ] [28/01/2023 07:39:17 p. m.] [org.springframework.data.repository.config.RepositoryConfigurationDelegate] - Finished Spring Data repository scanning in 145 ms. Found 3 JPA repository interfaces.
[INFO ] [28/01/2023 07:39:18 p. m.] [org.springframework.context.support.PostProcessorRegistrationDelegate$BeanPostProcessorChecker] - Bean 'org.springframework.ws.config.annotation.DelegatingWsConfiguration' of type [org.springframework.ws.config.annotation.DelegatingWsConfiguration$$SpringCGLIB$$0] is not eligible for getting processed by all BeanPostProcessors (for example: not eligible for auto-proxying)
[INFO ] [28/01/2023 07:39:18 p. m.] [org.springframework.ws.soap.addressing.server.AnnotationActionEndpointMapping] - Supporting [WS-Addressing August 2004, WS-Addressing 1.0]
[INFO ] [28/01/2023 07:39:18 p. m.] [org.springframework.boot.web.embedded.tomcat.TomcatWebServer] - Tomcat initialized with port(s): 3000 (http)
[INFO ] [28/01/2023 07:39:18 p. m.] [org.apache.catalina.core.StandardService] - Starting service [Tomcat]
[INFO ] [28/01/2023 07:39:18 p. m.] [org.apache.catalina.core.StandardEngine] - Starting Servlet engine: [Apache Tomcat/10.1.5]
[INFO ] [28/01/2023 07:39:18 p. m.] [org.apache.catalina.core.ContainerBase.[Tomcat].[localhost].[/]] - Initializing Spring embedded WebApplicationContext
[INFO ] [28/01/2023 07:39:18 p. m.] [org.springframework.boot.web.servlet.context.ServletWebServerApplicationContext] - Root WebApplicationContext: initialization completed in 1862 ms
[INFO ] [28/01/2023 07:39:18 p. m.] [com.zaxxer.hikari.HikariDataSource] - HikariPool-1 - Starting...
[INFO ] [28/01/2023 07:39:18 p. m.] [com.zaxxer.hikari.pool.HikariPool] - HikariPool-1 - Added connection conn0: url=jdbc:h2:file:~/test user=SA
[INFO ] [28/01/2023 07:39:18 p. m.] [com.zaxxer.hikari.HikariDataSource] - HikariPool-1 - Start completed.
[INFO ] [28/01/2023 07:39:18 p. m.] [org.springframework.boot.autoconfigure.h2.H2ConsoleAutoConfiguration] - H2 console available at '/h2'. Database available at 'jdbc:h2:file:~/test'
[INFO ] [28/01/2023 07:39:19 p. m.] [org.hibernate.jpa.internal.util.LogHelper] - HHH000204: Processing PersistenceUnitInfo [name: default]
[INFO ] [28/01/2023 07:39:19 p. m.] [org.hibernate.Version] - HHH000412: Hibernate ORM core version 6.1.6.Final
[WARN ] [28/01/2023 07:39:19 p. m.] [org.hibernate.orm.deprecation] - HHH90000021: Encountered deprecated setting [javax.persistence.sharedCache.mode], use [jakarta.persistence.sharedCache.mode] instead
[INFO ] [28/01/2023 07:39:19 p. m.] [SQL dialect] - HHH000400: Using dialect: org.hibernate.dialect.H2Dialect
[INFO ] [28/01/2023 07:39:20 p. m.] [org.hibernate.engine.transaction.jta.platform.internal.JtaPlatformInitiator] - HHH000490: Using JtaPlatform implementation: [org.hibernate.engine.transaction.jta.platform.internal.NoJtaPlatform]
[INFO ] [28/01/2023 07:39:20 p. m.] [org.springframework.orm.jpa.LocalContainerEntityManagerFactoryBean] - Initialized JPA EntityManagerFactory for persistence unit 'default'
[WARN ] [28/01/2023 07:39:20 p. m.] [org.springframework.boot.web.servlet.context.AnnotationConfigServletWebServerApplicationContext] - Exception encountered during context initialization - cancelling refresh attempt: org.springframework.beans.factory.UnsatisfiedDependencyException: Error creating bean with name 'apiDocumentationScanner' defined in URL [jar:file:/C:/Users/USER/.m2/repository/io/springfox/springfox-spring-web/2.9.2/springfox-spring-web-2.9.2.jar!/springfox/documentation/spring/web/scanners/ApiDocumentationScanner.class]: Unsatisfied dependency expressed through constructor parameter 1: Error creating bean with name 'apiListingScanner' defined in URL [jar:file:/C:/Users/USER/.m2/repository/io/springfox/springfox-spring-web/2.9.2/springfox-spring-web-2.9.2.jar!/springfox/documentation/spring/web/scanners/ApiListingScanner.class]: Unsatisfied dependency expressed through constructor parameter 0: Error creating bean with name 'apiDescriptionReader' defined in URL [jar:file:/C:/Users/USER/.m2/repository/io/springfox/springfox-spring-web/2.9.2/springfox-spring-web-2.9.2.jar!/springfox/documentation/spring/web/scanners/ApiDescriptionReader.class]: Unsatisfied dependency expressed through constructor parameter 0: Error creating bean with name 'cachingOperationReader' defined in URL [jar:file:/C:/Users/USER/.m2/repository/io/springfox/springfox-spring-web/2.9.2/springfox-spring-web-2.9.2.jar!/springfox/documentation/spring/web/scanners/CachingOperationReader.class]: Unsatisfied dependency expressed through constructor parameter 0: Error creating bean with name 'apiOperationReader' defined in URL [jar:file:/C:/Users/USER/.m2/repository/io/springfox/springfox-spring-web/2.9.2/springfox-spring-web-2.9.2.jar!/springfox/documentation/spring/web/readers/operation/ApiOperationReader.class]: Unsatisfied dependency expressed through constructor parameter 0: Error creating bean with name 'documentationPluginsManager': Unsatisfied dependency expressed through field 'documentationPlugins': Error creating bean with name 'documentationPluginRegistry': FactoryBean threw exception on object creation
[INFO ] [28/01/2023 07:39:20 p. m.] [org.springframework.orm.jpa.LocalContainerEntityManagerFactoryBean] - Closing JPA EntityManagerFactory for persistence unit 'default'
[INFO ] [28/01/2023 07:39:20 p. m.] [org.hibernate.tool.schema.internal.SchemaDropperImpl$DelayedDropActionImpl] - HHH000477: Starting delayed evictData of schema as part of SessionFactory shut-down'
[INFO ] [28/01/2023 07:39:20 p. m.] [com.zaxxer.hikari.HikariDataSource] - HikariPool-1 - Shutdown initiated...
[INFO ] [28/01/2023 07:39:20 p. m.] [com.zaxxer.hikari.HikariDataSource] - HikariPool-1 - Shutdown completed.
[INFO ] [28/01/2023 07:39:20 p. m.] [org.apache.catalina.core.StandardService] - Stopping service [Tomcat]
[INFO ] [28/01/2023 07:39:20 p. m.] [org.springframework.boot.autoconfigure.logging.ConditionEvaluationReportLogger] - 

Error starting ApplicationContext. To display the condition evaluation report re-run your application with 'debug' enabled.
[ERROR] [28/01/2023 07:39:20 p. m.] [org.springframework.boot.SpringApplication] - Application run failed
org.springframework.beans.factory.UnsatisfiedDependencyException: Error creating bean with name 'apiDocumentationScanner' defined in URL [jar:file:/C:/Users/USER/.m2/repository/io/springfox/springfox-spring-web/2.9.2/springfox-spring-web-2.9.2.jar!/springfox/documentation/spring/web/scanners/ApiDocumentationScanner.class]: Unsatisfied dependency expressed through constructor parameter 1: Error creating bean with name 'apiListingScanner' defined in URL [jar:file:/C:/Users/USER/.m2/repository/io/springfox/springfox-spring-web/2.9.2/springfox-spring-web-2.9.2.jar!/springfox/documentation/spring/web/scanners/ApiListingScanner.class]: Unsatisfied dependency expressed through constructor parameter 0: Error creating bean with name 'apiDescriptionReader' defined in URL [jar:file:/C:/Users/USER/.m2/repository/io/springfox/springfox-spring-web/2.9.2/springfox-spring-web-2.9.2.jar!/springfox/documentation/spring/web/scanners/ApiDescriptionReader.class]: Unsatisfied dependency expressed through constructor parameter 0: Error creating bean with name 'cachingOperationReader' defined in URL [jar:file:/C:/Users/USER/.m2/repository/io/springfox/springfox-spring-web/2.9.2/springfox-spring-web-2.9.2.jar!/springfox/documentation/spring/web/scanners/CachingOperationReader.class]: Unsatisfied dependency expressed through constructor parameter 0: Error creating bean with name 'apiOperationReader' defined in URL [jar:file:/C:/Users/USER/.m2/repository/io/springfox/springfox-spring-web/2.9.2/springfox-spring-web-2.9.2.jar!/springfox/documentation/spring/web/readers/operation/ApiOperationReader.class]: Unsatisfied dependency expressed through constructor parameter 0: Error creating bean with name 'documentationPluginsManager': Unsatisfied dependency expressed through field 'documentationPlugins': Error creating bean with name 'documentationPluginRegistry': FactoryBean threw exception on object creation
	at org.springframework.beans.factory.support.ConstructorResolver.createArgumentArray(ConstructorResolver.java:798)
	at org.springframework.beans.factory.support.ConstructorResolver.autowireConstructor(ConstructorResolver.java:245)
	at org.springframework.beans.factory.support.AbstractAutowireCapableBeanFactory.autowireConstructor(AbstractAutowireCapableBeanFactory.java:1344)
	at org.springframework.beans.factory.support.AbstractAutowireCapableBeanFactory.createBeanInstance(AbstractAutowireCapableBeanFactory.java:1188)
	at org.springframework.beans.factory.support.AbstractAutowireCapableBeanFactory.doCreateBean(AbstractAutowireCapableBeanFactory.java:561)
	at org.springframework.beans.factory.support.AbstractAutowireCapableBeanFactory.createBean(AbstractAutowireCapableBeanFactory.java:521)
	at org.springframework.beans.factory.support.AbstractBeanFactory.lambda$doGetBean$0(AbstractBeanFactory.java:326)
	at org.springframework.beans.factory.support.DefaultSingletonBeanRegistry.getSingleton(DefaultSingletonBeanRegistry.java:234)
	at org.springframework.beans.factory.support.AbstractBeanFactory.doGetBean(AbstractBeanFactory.java:324)
	at org.springframework.beans.factory.support.AbstractBeanFactory.getBean(AbstractBeanFactory.java:200)
	at org.springframework.beans.factory.support.DefaultListableBeanFactory.preInstantiateSingletons(DefaultListableBeanFactory.java:961)
	at org.springframework.context.support.AbstractApplicationContext.finishBeanFactoryInitialization(AbstractApplicationContext.java:915)
	at org.springframework.context.support.AbstractApplicationContext.refresh(AbstractApplicationContext.java:584)
	at org.springframework.boot.web.servlet.context.ServletWebServerApplicationContext.refresh(ServletWebServerApplicationContext.java:146)
	at org.springframework.boot.SpringApplication.refresh(SpringApplication.java:730)
	at org.springframework.boot.SpringApplication.refreshContext(SpringApplication.java:432)
	at org.springframework.boot.SpringApplication.run(SpringApplication.java:308)
	at org.springframework.boot.SpringApplication.run(SpringApplication.java:1302)
	at org.springframework.boot.SpringApplication.run(SpringApplication.java:1291)
	at com.example.moneycoach.MoneyCoachApplication.main(MoneyCoachApplication.java:10)
Caused by: org.springframework.beans.factory.UnsatisfiedDependencyException: Error creating bean with name 'apiListingScanner' defined in URL [jar:file:/C:/Users/USER/.m2/repository/io/springfox/springfox-spring-web/2.9.2/springfox-spring-web-2.9.2.jar!/springfox/documentation/spring/web/scanners/ApiListingScanner.class]: Unsatisfied dependency expressed through constructor parameter 0: Error creating bean with name 'apiDescriptionReader' defined in URL [jar:file:/C:/Users/USER/.m2/repository/io/springfox/springfox-spring-web/2.9.2/springfox-spring-web-2.9.2.jar!/springfox/documentation/spring/web/scanners/ApiDescriptionReader.class]: Unsatisfied dependency expressed through constructor parameter 0: Error creating bean with name 'cachingOperationReader' defined in URL [jar:file:/C:/Users/USER/.m2/repository/io/springfox/springfox-spring-web/2.9.2/springfox-spring-web-2.9.2.jar!/springfox/documentation/spring/web/scanners/CachingOperationReader.class]: Unsatisfied dependency expressed through constructor parameter 0: Error creating bean with name 'apiOperationReader' defined in URL [jar:file:/C:/Users/USER/.m2/repository/io/springfox/springfox-spring-web/2.9.2/springfox-spring-web-2.9.2.jar!/springfox/documentation/spring/web/readers/operation/ApiOperationReader.class]: Unsatisfied dependency expressed through constructor parameter 0: Error creating bean with name 'documentationPluginsManager': Unsatisfied dependency expressed through field 'documentationPlugins': Error creating bean with name 'documentationPluginRegistry': FactoryBean threw exception on object creation
	at org.springframework.beans.factory.support.ConstructorResolver.createArgumentArray(ConstructorResolver.java:798)
	at org.springframework.beans.factory.support.ConstructorResolver.autowireConstructor(ConstructorResolver.java:245)
	at org.springframework.beans.factory.support.AbstractAutowireCapableBeanFactory.autowireConstructor(AbstractAutowireCapableBeanFactory.java:1344)
	at org.springframework.beans.factory.support.AbstractAutowireCapableBeanFactory.createBeanInstance(AbstractAutowireCapableBeanFactory.java:1188)
	at org.springframework.beans.factory.support.AbstractAutowireCapableBeanFactory.doCreateBean(AbstractAutowireCapableBeanFactory.java:561)
	at org.springframework.beans.factory.support.AbstractAutowireCapableBeanFactory.createBean(AbstractAutowireCapableBeanFactory.java:521)
	at org.springframework.beans.factory.support.AbstractBeanFactory.lambda$doGetBean$0(AbstractBeanFactory.java:326)
	at org.springframework.beans.factory.support.DefaultSingletonBeanRegistry.getSingleton(DefaultSingletonBeanRegistry.java:234)
	at org.springframework.beans.factory.support.AbstractBeanFactory.doGetBean(AbstractBeanFactory.java:324)
	at org.springframework.beans.factory.support.AbstractBeanFactory.getBean(AbstractBeanFactory.java:200)
	at org.springframework.beans.factory.config.DependencyDescriptor.resolveCandidate(DependencyDescriptor.java:254)
	at org.springframework.beans.factory.support.DefaultListableBeanFactory.doResolveDependency(DefaultListableBeanFactory.java:1405)
	at org.springframework.beans.factory.support.DefaultListableBeanFactory.resolveDependency(DefaultListableBeanFactory.java:1325)
	at org.springframework.beans.factory.support.ConstructorResolver.resolveAutowiredArgument(ConstructorResolver.java:885)
	at org.springframework.beans.factory.support.ConstructorResolver.createArgumentArray(ConstructorResolver.java:789)
	... 19 common frames omitted
Caused by: org.springframework.beans.factory.UnsatisfiedDependencyException: Error creating bean with name 'apiDescriptionReader' defined in URL [jar:file:/C:/Users/USER/.m2/repository/io/springfox/springfox-spring-web/2.9.2/springfox-spring-web-2.9.2.jar!/springfox/documentation/spring/web/scanners/ApiDescriptionReader.class]: Unsatisfied dependency expressed through constructor parameter 0: Error creating bean with name 'cachingOperationReader' defined in URL [jar:file:/C:/Users/USER/.m2/repository/io/springfox/springfox-spring-web/2.9.2/springfox-spring-web-2.9.2.jar!/springfox/documentation/spring/web/scanners/CachingOperationReader.class]: Unsatisfied dependency expressed through constructor parameter 0: Error creating bean with name 'apiOperationReader' defined in URL [jar:file:/C:/Users/USER/.m2/repository/io/springfox/springfox-spring-web/2.9.2/springfox-spring-web-2.9.2.jar!/springfox/documentation/spring/web/readers/operation/ApiOperationReader.class]: Unsatisfied dependency expressed through constructor parameter 0: Error creating bean with name 'documentationPluginsManager': Unsatisfied dependency expressed through field 'documentationPlugins': Error creating bean with name 'documentationPluginRegistry': FactoryBean threw exception on object creation
	at org.springframework.beans.factory.support.ConstructorResolver.createArgumentArray(ConstructorResolver.java:798)
	at org.springframework.beans.factory.support.ConstructorResolver.autowireConstructor(ConstructorResolver.java:245)
	at org.springframework.beans.factory.support.AbstractAutowireCapableBeanFactory.autowireConstructor(AbstractAutowireCapableBeanFactory.java:1344)
	at org.springframework.beans.factory.support.AbstractAutowireCapableBeanFactory.createBeanInstance(AbstractAutowireCapableBeanFactory.java:1188)
	at org.springframework.beans.factory.support.AbstractAutowireCapableBeanFactory.doCreateBean(AbstractAutowireCapableBeanFactory.java:561)
	at org.springframework.beans.factory.support.AbstractAutowireCapableBeanFactory.createBean(AbstractAutowireCapableBeanFactory.java:521)
	at org.springframework.beans.factory.support.AbstractBeanFactory.lambda$doGetBean$0(AbstractBeanFactory.java:326)
	at org.springframework.beans.factory.support.DefaultSingletonBeanRegistry.getSingleton(DefaultSingletonBeanRegistry.java:234)
	at org.springframework.beans.factory.support.AbstractBeanFactory.doGetBean(AbstractBeanFactory.java:324)
	at org.springframework.beans.factory.support.AbstractBeanFactory.getBean(AbstractBeanFactory.java:200)
	at org.springframework.beans.factory.config.DependencyDescriptor.resolveCandidate(DependencyDescriptor.java:254)
	at org.springframework.beans.factory.support.DefaultListableBeanFactory.doResolveDependency(DefaultListableBeanFactory.java:1405)
	at org.springframework.beans.factory.support.DefaultListableBeanFactory.resolveDependency(DefaultListableBeanFactory.java:1325)
	at org.springframework.beans.factory.support.ConstructorResolver.resolveAutowiredArgument(ConstructorResolver.java:885)
	at org.springframework.beans.factory.support.ConstructorResolver.createArgumentArray(ConstructorResolver.java:789)
	... 33 common frames omitted
Caused by: org.springframework.beans.factory.UnsatisfiedDependencyException: Error creating bean with name 'cachingOperationReader' defined in URL [jar:file:/C:/Users/USER/.m2/repository/io/springfox/springfox-spring-web/2.9.2/springfox-spring-web-2.9.2.jar!/springfox/documentation/spring/web/scanners/CachingOperationReader.class]: Unsatisfied dependency expressed through constructor parameter 0: Error creating bean with name 'apiOperationReader' defined in URL [jar:file:/C:/Users/USER/.m2/repository/io/springfox/springfox-spring-web/2.9.2/springfox-spring-web-2.9.2.jar!/springfox/documentation/spring/web/readers/operation/ApiOperationReader.class]: Unsatisfied dependency expressed through constructor parameter 0: Error creating bean with name 'documentationPluginsManager': Unsatisfied dependency expressed through field 'documentationPlugins': Error creating bean with name 'documentationPluginRegistry': FactoryBean threw exception on object creation
	at org.springframework.beans.factory.support.ConstructorResolver.createArgumentArray(ConstructorResolver.java:798)
	at org.springframework.beans.factory.support.ConstructorResolver.autowireConstructor(ConstructorResolver.java:245)
	at org.springframework.beans.factory.support.AbstractAutowireCapableBeanFactory.autowireConstructor(AbstractAutowireCapableBeanFactory.java:1344)
	at org.springframework.beans.factory.support.AbstractAutowireCapableBeanFactory.createBeanInstance(AbstractAutowireCapableBeanFactory.java:1188)
	at org.springframework.beans.factory.support.AbstractAutowireCapableBeanFactory.doCreateBean(AbstractAutowireCapableBeanFactory.java:561)
	at org.springframework.beans.factory.support.AbstractAutowireCapableBeanFactory.createBean(AbstractAutowireCapableBeanFactory.java:521)
	at org.springframework.beans.factory.support.AbstractBeanFactory.lambda$doGetBean$0(AbstractBeanFactory.java:326)
	at org.springframework.beans.factory.support.DefaultSingletonBeanRegistry.getSingleton(DefaultSingletonBeanRegistry.java:234)
	at org.springframework.beans.factory.support.AbstractBeanFactory.doGetBean(AbstractBeanFactory.java:324)
	at org.springframework.beans.factory.support.AbstractBeanFactory.getBean(AbstractBeanFactory.java:200)
	at org.springframework.beans.factory.config.DependencyDescriptor.resolveCandidate(DependencyDescriptor.java:254)
	at org.springframework.beans.factory.support.DefaultListableBeanFactory.doResolveDependency(DefaultListableBeanFactory.java:1405)
	at org.springframework.beans.factory.support.DefaultListableBeanFactory.resolveDependency(DefaultListableBeanFactory.java:1325)
	at org.springframework.beans.factory.support.ConstructorResolver.resolveAutowiredArgument(ConstructorResolver.java:885)
	at org.springframework.beans.factory.support.ConstructorResolver.createArgumentArray(ConstructorResolver.java:789)
	... 47 common frames omitted
Caused by: org.springframework.beans.factory.UnsatisfiedDependencyException: Error creating bean with name 'apiOperationReader' defined in URL [jar:file:/C:/Users/USER/.m2/repository/io/springfox/springfox-spring-web/2.9.2/springfox-spring-web-2.9.2.jar!/springfox/documentation/spring/web/readers/operation/ApiOperationReader.class]: Unsatisfied dependency expressed through constructor parameter 0: Error creating bean with name 'documentationPluginsManager': Unsatisfied dependency expressed through field 'documentationPlugins': Error creating bean with name 'documentationPluginRegistry': FactoryBean threw exception on object creation
	at org.springframework.beans.factory.support.ConstructorResolver.createArgumentArray(ConstructorResolver.java:798)
	at org.springframework.beans.factory.support.ConstructorResolver.autowireConstructor(ConstructorResolver.java:245)
	at org.springframework.beans.factory.support.AbstractAutowireCapableBeanFactory.autowireConstructor(AbstractAutowireCapableBeanFactory.java:1344)
	at org.springframework.beans.factory.support.AbstractAutowireCapableBeanFactory.createBeanInstance(AbstractAutowireCapableBeanFactory.java:1188)
	at org.springframework.beans.factory.support.AbstractAutowireCapableBeanFactory.doCreateBean(AbstractAutowireCapableBeanFactory.java:561)
	at org.springframework.beans.factory.support.AbstractAutowireCapableBeanFactory.createBean(AbstractAutowireCapableBeanFactory.java:521)
	at org.springframework.beans.factory.support.AbstractBeanFactory.lambda$doGetBean$0(AbstractBeanFactory.java:326)
	at org.springframework.beans.factory.support.DefaultSingletonBeanRegistry.getSingleton(DefaultSingletonBeanRegistry.java:234)
	at org.springframework.beans.factory.support.AbstractBeanFactory.doGetBean(AbstractBeanFactory.java:324)
	at org.springframework.beans.factory.support.AbstractBeanFactory.getBean(AbstractBeanFactory.java:200)
	at org.springframework.beans.factory.config.DependencyDescriptor.resolveCandidate(DependencyDescriptor.java:254)
	at org.springframework.beans.factory.support.DefaultListableBeanFactory.doResolveDependency(DefaultListableBeanFactory.java:1405)
	at org.springframework.beans.factory.support.DefaultListableBeanFactory.resolveDependency(DefaultListableBeanFactory.java:1325)
	at org.springframework.beans.factory.support.ConstructorResolver.resolveAutowiredArgument(ConstructorResolver.java:885)
	at org.springframework.beans.factory.support.ConstructorResolver.createArgumentArray(ConstructorResolver.java:789)
	... 61 common frames omitted
Caused by: org.springframework.beans.factory.UnsatisfiedDependencyException: Error creating bean with name 'documentationPluginsManager': Unsatisfied dependency expressed through field 'documentationPlugins': Error creating bean with name 'documentationPluginRegistry': FactoryBean threw exception on object creation
	at org.springframework.beans.factory.annotation.AutowiredAnnotationBeanPostProcessor$AutowiredFieldElement.resolveFieldValue(AutowiredAnnotationBeanPostProcessor.java:712)
	at org.springframework.beans.factory.annotation.AutowiredAnnotationBeanPostProcessor$AutowiredFieldElement.inject(AutowiredAnnotationBeanPostProcessor.java:692)
	at org.springframework.beans.factory.annotation.InjectionMetadata.inject(InjectionMetadata.java:133)
	at org.springframework.beans.factory.annotation.AutowiredAnnotationBeanPostProcessor.postProcessProperties(AutowiredAnnotationBeanPostProcessor.java:481)
	at org.springframework.beans.factory.support.AbstractAutowireCapableBeanFactory.populateBean(AbstractAutowireCapableBeanFactory.java:1397)
	at org.springframework.beans.factory.support.AbstractAutowireCapableBeanFactory.doCreateBean(AbstractAutowireCapableBeanFactory.java:598)
	at org.springframework.beans.factory.support.AbstractAutowireCapableBeanFactory.createBean(AbstractAutowireCapableBeanFactory.java:521)
	at org.springframework.beans.factory.support.AbstractBeanFactory.lambda$doGetBean$0(AbstractBeanFactory.java:326)
	at org.springframework.beans.factory.support.DefaultSingletonBeanRegistry.getSingleton(DefaultSingletonBeanRegistry.java:234)
	at org.springframework.beans.factory.support.AbstractBeanFactory.doGetBean(AbstractBeanFactory.java:324)
	at org.springframework.beans.factory.support.AbstractBeanFactory.getBean(AbstractBeanFactory.java:200)
	at org.springframework.beans.factory.config.DependencyDescriptor.resolveCandidate(DependencyDescriptor.java:254)
	at org.springframework.beans.factory.support.DefaultListableBeanFactory.doResolveDependency(DefaultListableBeanFactory.java:1405)
	at org.springframework.beans.factory.support.DefaultListableBeanFactory.resolveDependency(DefaultListableBeanFactory.java:1325)
	at org.springframework.beans.factory.support.ConstructorResolver.resolveAutowiredArgument(ConstructorResolver.java:885)
	at org.springframework.beans.factory.support.ConstructorResolver.createArgumentArray(ConstructorResolver.java:789)
	... 75 common frames omitted
Caused by: org.springframework.beans.factory.BeanCreationException: Error creating bean with name 'documentationPluginRegistry': FactoryBean threw exception on object creation
	at org.springframework.beans.factory.support.FactoryBeanRegistrySupport.doGetObjectFromFactoryBean(FactoryBeanRegistrySupport.java:154)
	at org.springframework.beans.factory.support.FactoryBeanRegistrySupport.getObjectFromFactoryBean(FactoryBeanRegistrySupport.java:90)
	at org.springframework.beans.factory.support.AbstractBeanFactory.getObjectForBeanInstance(AbstractBeanFactory.java:1823)
	at org.springframework.beans.factory.support.AbstractAutowireCapableBeanFactory.getObjectForBeanInstance(AbstractAutowireCapableBeanFactory.java:1265)
	at org.springframework.beans.factory.support.AbstractBeanFactory.doGetBean(AbstractBeanFactory.java:336)
	at org.springframework.beans.factory.support.AbstractBeanFactory.getBean(AbstractBeanFactory.java:200)
	at org.springframework.beans.factory.config.DependencyDescriptor.resolveCandidate(DependencyDescriptor.java:254)
	at org.springframework.beans.factory.support.DefaultListableBeanFactory.doResolveDependency(DefaultListableBeanFactory.java:1405)
	at org.springframework.beans.factory.support.DefaultListableBeanFactory.resolveDependency(DefaultListableBeanFactory.java:1325)
	at org.springframework.beans.factory.annotation.AutowiredAnnotationBeanPostProcessor$AutowiredFieldElement.resolveFieldValue(AutowiredAnnotationBeanPostProcessor.java:709)
	... 90 common frames omitted
Caused by: java.lang.NoClassDefFoundError: org/springframework/util/comparator/InvertibleComparator
	at org.springframework.plugin.core.OrderAwarePluginRegistry.<clinit>(OrderAwarePluginRegistry.java:45)
	at org.springframework.plugin.core.support.PluginRegistryFactoryBean.getObject(PluginRegistryFactoryBean.java:36)
	at org.springframework.plugin.core.support.PluginRegistryFactoryBean.getObject(PluginRegistryFactoryBean.java:28)
	at org.springframework.beans.factory.support.FactoryBeanRegistrySupport.doGetObjectFromFactoryBean(FactoryBeanRegistrySupport.java:148)
	... 99 common frames omitted
Caused by: java.lang.ClassNotFoundException: org.springframework.util.comparator.InvertibleComparator
	at java.base/jdk.internal.loader.BuiltinClassLoader.loadClass(BuiltinClassLoader.java:641)
	at java.base/jdk.internal.loader.ClassLoaders$AppClassLoader.loadClass(ClassLoaders.java:188)
	at java.base/java.lang.ClassLoader.loadClass(ClassLoader.java:520)
	... 103 common frames omitted
[INFO ] [28/01/2023 07:44:32 p. m.] [com.example.moneycoach.MoneyCoachApplication] - Starting MoneyCoachApplication using Java 17.0.5 with PID 14128 (D:\USER\Escritorio\Proyectos\BEDU\HSBC\TP Developer Engineering\Java Backend Intermedio\Money-Coach\Money-Coach\target\classes started by USER in D:\USER\Escritorio\Proyectos\BEDU\HSBC\TP Developer Engineering\Java Backend Intermedio\Money-Coach\Money-Coach)
[INFO ] [28/01/2023 07:44:32 p. m.] [com.example.moneycoach.MoneyCoachApplication] - No active profile set, falling back to 1 default profile: "default"
[INFO ] [28/01/2023 07:44:33 p. m.] [org.springframework.data.repository.config.RepositoryConfigurationDelegate] - Bootstrapping Spring Data JPA repositories in DEFAULT mode.
[INFO ] [28/01/2023 07:44:33 p. m.] [org.springframework.data.repository.config.RepositoryConfigurationDelegate] - Finished Spring Data repository scanning in 135 ms. Found 3 JPA repository interfaces.
[INFO ] [28/01/2023 07:44:34 p. m.] [org.springframework.context.support.PostProcessorRegistrationDelegate$BeanPostProcessorChecker] - Bean 'org.springframework.ws.config.annotation.DelegatingWsConfiguration' of type [org.springframework.ws.config.annotation.DelegatingWsConfiguration$$SpringCGLIB$$0] is not eligible for getting processed by all BeanPostProcessors (for example: not eligible for auto-proxying)
[INFO ] [28/01/2023 07:44:34 p. m.] [org.springframework.ws.soap.addressing.server.AnnotationActionEndpointMapping] - Supporting [WS-Addressing August 2004, WS-Addressing 1.0]
[INFO ] [28/01/2023 07:44:34 p. m.] [org.springframework.boot.web.embedded.tomcat.TomcatWebServer] - Tomcat initialized with port(s): 3000 (http)
[INFO ] [28/01/2023 07:44:34 p. m.] [org.apache.catalina.core.StandardService] - Starting service [Tomcat]
[INFO ] [28/01/2023 07:44:34 p. m.] [org.apache.catalina.core.StandardEngine] - Starting Servlet engine: [Apache Tomcat/10.1.5]
[INFO ] [28/01/2023 07:44:34 p. m.] [org.apache.catalina.core.ContainerBase.[Tomcat].[localhost].[/]] - Initializing Spring embedded WebApplicationContext
[INFO ] [28/01/2023 07:44:34 p. m.] [org.springframework.boot.web.servlet.context.ServletWebServerApplicationContext] - Root WebApplicationContext: initialization completed in 1755 ms
[INFO ] [28/01/2023 07:44:34 p. m.] [com.zaxxer.hikari.HikariDataSource] - HikariPool-1 - Starting...
[INFO ] [28/01/2023 07:44:34 p. m.] [com.zaxxer.hikari.pool.HikariPool] - HikariPool-1 - Added connection conn0: url=jdbc:h2:file:~/test user=SA
[INFO ] [28/01/2023 07:44:34 p. m.] [com.zaxxer.hikari.HikariDataSource] - HikariPool-1 - Start completed.
[INFO ] [28/01/2023 07:44:34 p. m.] [org.springframework.boot.autoconfigure.h2.H2ConsoleAutoConfiguration] - H2 console available at '/h2'. Database available at 'jdbc:h2:file:~/test'
[INFO ] [28/01/2023 07:44:34 p. m.] [org.hibernate.jpa.internal.util.LogHelper] - HHH000204: Processing PersistenceUnitInfo [name: default]
[INFO ] [28/01/2023 07:44:35 p. m.] [org.hibernate.Version] - HHH000412: Hibernate ORM core version 6.1.6.Final
[WARN ] [28/01/2023 07:44:35 p. m.] [org.hibernate.orm.deprecation] - HHH90000021: Encountered deprecated setting [javax.persistence.sharedCache.mode], use [jakarta.persistence.sharedCache.mode] instead
[INFO ] [28/01/2023 07:44:35 p. m.] [SQL dialect] - HHH000400: Using dialect: org.hibernate.dialect.H2Dialect
[INFO ] [28/01/2023 07:44:36 p. m.] [org.hibernate.engine.transaction.jta.platform.internal.JtaPlatformInitiator] - HHH000490: Using JtaPlatform implementation: [org.hibernate.engine.transaction.jta.platform.internal.NoJtaPlatform]
[INFO ] [28/01/2023 07:44:36 p. m.] [org.springframework.orm.jpa.LocalContainerEntityManagerFactoryBean] - Initialized JPA EntityManagerFactory for persistence unit 'default'
[WARN ] [28/01/2023 07:44:36 p. m.] [org.springframework.boot.autoconfigure.orm.jpa.JpaBaseConfiguration$JpaWebConfiguration] - spring.jpa.open-in-view is enabled by default. Therefore, database queries may be performed during view rendering. Explicitly configure spring.jpa.open-in-view to disable this warning
[INFO ] [28/01/2023 07:44:37 p. m.] [org.springframework.security.web.DefaultSecurityFilterChain] - Will secure any request with [org.springframework.security.web.session.DisableEncodeUrlFilter@7e9d171c, org.springframework.security.web.context.request.async.WebAsyncManagerIntegrationFilter@3a1540be, org.springframework.security.web.context.SecurityContextHolderFilter@67748053, org.springframework.security.web.header.HeaderWriterFilter@53630682, org.springframework.security.web.authentication.logout.LogoutFilter@1b949de4, org.springframework.security.web.authentication.www.BasicAuthenticationFilter@1dab2cf5, org.springframework.security.web.savedrequest.RequestCacheAwareFilter@7fb8d720, org.springframework.security.web.servletapi.SecurityContextHolderAwareRequestFilter@21b792c2, org.springframework.security.web.authentication.AnonymousAuthenticationFilter@6aff157e, org.springframework.security.web.session.SessionManagementFilter@46cb800b, org.springframework.security.web.access.ExceptionTranslationFilter@67cd1db3, org.springframework.security.web.access.intercept.AuthorizationFilter@89dd102]
[WARN ] [28/01/2023 07:44:37 p. m.] [org.springframework.core.LocalVariableTableParameterNameDiscoverer] - Using deprecated '-debug' fallback for parameter name resolution. Compile the affected code with '-parameters' instead or avoid its introspection: org.springframework.amqp.rabbit.core.RabbitAdmin
[INFO ] [28/01/2023 07:44:37 p. m.] [org.springframework.boot.web.embedded.tomcat.TomcatWebServer] - Tomcat started on port(s): 3000 (http) with context path ''
[INFO ] [28/01/2023 07:44:37 p. m.] [com.example.moneycoach.MoneyCoachApplication] - Started MoneyCoachApplication in 5.665 seconds (process running for 6.351)
[INFO ] [28/01/2023 07:45:13 p. m.] [org.apache.catalina.core.ContainerBase.[Tomcat].[localhost].[/]] - Initializing Spring DispatcherServlet 'dispatcherServlet'
[INFO ] [28/01/2023 07:45:13 p. m.] [org.springframework.web.servlet.DispatcherServlet] - Initializing Servlet 'dispatcherServlet'
[INFO ] [28/01/2023 07:45:13 p. m.] [org.springframework.web.servlet.DispatcherServlet] - Completed initialization in 1 ms
[INFO ] [28/01/2023 07:46:26 p. m.] [org.springframework.orm.jpa.LocalContainerEntityManagerFactoryBean] - Closing JPA EntityManagerFactory for persistence unit 'default'
[INFO ] [28/01/2023 07:46:26 p. m.] [org.hibernate.tool.schema.internal.SchemaDropperImpl$DelayedDropActionImpl] - HHH000477: Starting delayed evictData of schema as part of SessionFactory shut-down'
[INFO ] [28/01/2023 07:46:27 p. m.] [com.zaxxer.hikari.HikariDataSource] - HikariPool-1 - Shutdown initiated...
[INFO ] [28/01/2023 07:46:27 p. m.] [com.zaxxer.hikari.HikariDataSource] - HikariPool-1 - Shutdown completed.
[INFO ] [28/01/2023 09:09:50 p. m.] [com.example.moneycoach.EntryTest] - Starting EntryTest using Java 17.0.5 with PID 10436 (started by USER in D:\USER\Escritorio\Proyectos\BEDU\HSBC\TP Developer Engineering\Java Backend Intermedio\Money-Coach\Money-Coach)
[INFO ] [28/01/2023 09:09:50 p. m.] [com.example.moneycoach.EntryTest] - No active profile set, falling back to 1 default profile: "default"
[INFO ] [28/01/2023 09:09:50 p. m.] [org.springframework.data.repository.config.RepositoryConfigurationDelegate] - Bootstrapping Spring Data JPA repositories in DEFAULT mode.
[INFO ] [28/01/2023 09:09:51 p. m.] [org.springframework.data.repository.config.RepositoryConfigurationDelegate] - Finished Spring Data repository scanning in 169 ms. Found 3 JPA repository interfaces.
[INFO ] [28/01/2023 09:09:51 p. m.] [org.springframework.boot.test.autoconfigure.jdbc.TestDatabaseAutoConfiguration$EmbeddedDataSourceBeanFactoryPostProcessor] - Replacing 'dataSource' DataSource bean with embedded version
[INFO ] [28/01/2023 09:09:51 p. m.] [org.springframework.jdbc.datasource.embedded.EmbeddedDatabaseFactory] - Starting embedded database: url='jdbc:h2:mem:ff74fa3b-a304-4b3a-99a4-f993bb9213e8;DB_CLOSE_DELAY=-1;DB_CLOSE_ON_EXIT=false', username='sa'
[INFO ] [28/01/2023 09:09:51 p. m.] [org.hibernate.jpa.internal.util.LogHelper] - HHH000204: Processing PersistenceUnitInfo [name: default]
[INFO ] [28/01/2023 09:09:51 p. m.] [org.hibernate.Version] - HHH000412: Hibernate ORM core version 6.1.6.Final
[WARN ] [28/01/2023 09:09:51 p. m.] [org.hibernate.orm.deprecation] - HHH90000021: Encountered deprecated setting [javax.persistence.sharedCache.mode], use [jakarta.persistence.sharedCache.mode] instead
[INFO ] [28/01/2023 09:09:51 p. m.] [SQL dialect] - HHH000400: Using dialect: org.hibernate.dialect.H2Dialect
[INFO ] [28/01/2023 09:09:52 p. m.] [org.hibernate.metamodel.internal.EntityInstantiatorPojoStandard] - HHH000182: No default (no-argument) constructor for class: com.example.moneycoach.entity.Entry (class must be instantiated by Interceptor)
[INFO ] [28/01/2023 09:09:52 p. m.] [org.hibernate.engine.transaction.jta.platform.internal.JtaPlatformInitiator] - HHH000490: Using JtaPlatform implementation: [org.hibernate.engine.transaction.jta.platform.internal.NoJtaPlatform]
[INFO ] [28/01/2023 09:09:52 p. m.] [org.springframework.orm.jpa.LocalContainerEntityManagerFactoryBean] - Initialized JPA EntityManagerFactory for persistence unit 'default'
[INFO ] [28/01/2023 09:09:53 p. m.] [com.example.moneycoach.EntryTest] - Started EntryTest in 3.244 seconds (process running for 5.414)
[INFO ] [28/01/2023 09:09:53 p. m.] [com.example.moneycoach.EntryTest] - tearDown
[INFO ] [28/01/2023 09:09:53 p. m.] [com.example.moneycoach.EntryTest] - tearDown
[INFO ] [28/01/2023 09:09:53 p. m.] [com.example.moneycoach.EntryTest] - tearDown
[INFO ] [28/01/2023 09:09:53 p. m.] [com.example.moneycoach.EntryTest] - tearDown
[INFO ] [28/01/2023 09:09:53 p. m.] [com.example.moneycoach.EntryTest] - tearDown
[INFO ] [28/01/2023 09:09:53 p. m.] [com.example.moneycoach.EntryTest] - tearDownAll entry tests
[INFO ] [28/01/2023 09:09:53 p. m.] [org.springframework.orm.jpa.LocalContainerEntityManagerFactoryBean] - Closing JPA EntityManagerFactory for persistence unit 'default'
[INFO ] [28/01/2023 09:09:53 p. m.] [org.hibernate.tool.schema.internal.SchemaDropperImpl$DelayedDropActionImpl] - HHH000477: Starting delayed evictData of schema as part of SessionFactory shut-down'
[INFO ] [28/01/2023 09:10:33 p. m.] [com.example.moneycoach.EntryTest] - Starting EntryTest using Java 17.0.5 with PID 14536 (started by USER in D:\USER\Escritorio\Proyectos\BEDU\HSBC\TP Developer Engineering\Java Backend Intermedio\Money-Coach\Money-Coach)
[INFO ] [28/01/2023 09:10:33 p. m.] [com.example.moneycoach.EntryTest] - No active profile set, falling back to 1 default profile: "default"
[INFO ] [28/01/2023 09:10:33 p. m.] [org.springframework.data.repository.config.RepositoryConfigurationDelegate] - Bootstrapping Spring Data JPA repositories in DEFAULT mode.
[INFO ] [28/01/2023 09:10:33 p. m.] [org.springframework.data.repository.config.RepositoryConfigurationDelegate] - Finished Spring Data repository scanning in 177 ms. Found 3 JPA repository interfaces.
[INFO ] [28/01/2023 09:10:33 p. m.] [org.springframework.boot.test.autoconfigure.jdbc.TestDatabaseAutoConfiguration$EmbeddedDataSourceBeanFactoryPostProcessor] - Replacing 'dataSource' DataSource bean with embedded version
[INFO ] [28/01/2023 09:10:33 p. m.] [org.springframework.jdbc.datasource.embedded.EmbeddedDatabaseFactory] - Starting embedded database: url='jdbc:h2:mem:fcc4e016-e082-4c64-8068-55033fa1b616;DB_CLOSE_DELAY=-1;DB_CLOSE_ON_EXIT=false', username='sa'
[INFO ] [28/01/2023 09:10:34 p. m.] [org.hibernate.jpa.internal.util.LogHelper] - HHH000204: Processing PersistenceUnitInfo [name: default]
[INFO ] [28/01/2023 09:10:34 p. m.] [org.hibernate.Version] - HHH000412: Hibernate ORM core version 6.1.6.Final
[WARN ] [28/01/2023 09:10:34 p. m.] [org.hibernate.orm.deprecation] - HHH90000021: Encountered deprecated setting [javax.persistence.sharedCache.mode], use [jakarta.persistence.sharedCache.mode] instead
[INFO ] [28/01/2023 09:10:34 p. m.] [SQL dialect] - HHH000400: Using dialect: org.hibernate.dialect.H2Dialect
[INFO ] [28/01/2023 09:10:35 p. m.] [org.hibernate.metamodel.internal.EntityInstantiatorPojoStandard] - HHH000182: No default (no-argument) constructor for class: com.example.moneycoach.entity.Entry (class must be instantiated by Interceptor)
[INFO ] [28/01/2023 09:10:35 p. m.] [org.hibernate.engine.transaction.jta.platform.internal.JtaPlatformInitiator] - HHH000490: Using JtaPlatform implementation: [org.hibernate.engine.transaction.jta.platform.internal.NoJtaPlatform]
[INFO ] [28/01/2023 09:10:35 p. m.] [org.springframework.orm.jpa.LocalContainerEntityManagerFactoryBean] - Initialized JPA EntityManagerFactory for persistence unit 'default'
[INFO ] [28/01/2023 09:10:35 p. m.] [com.example.moneycoach.EntryTest] - Started EntryTest in 3.287 seconds (process running for 5.374)
[INFO ] [28/01/2023 09:10:36 p. m.] [com.example.moneycoach.EntryTest] - tearDown
[INFO ] [28/01/2023 09:10:36 p. m.] [com.example.moneycoach.EntryTest] - tearDown
[INFO ] [28/01/2023 09:10:36 p. m.] [com.example.moneycoach.EntryTest] - tearDown
[INFO ] [28/01/2023 09:10:36 p. m.] [com.example.moneycoach.EntryTest] - tearDown
[INFO ] [28/01/2023 09:10:36 p. m.] [com.example.moneycoach.EntryTest] - tearDown
[INFO ] [28/01/2023 09:10:36 p. m.] [com.example.moneycoach.EntryTest] - tearDownAll entry tests
[INFO ] [28/01/2023 09:10:36 p. m.] [org.springframework.orm.jpa.LocalContainerEntityManagerFactoryBean] - Closing JPA EntityManagerFactory for persistence unit 'default'
[INFO ] [28/01/2023 09:10:36 p. m.] [org.hibernate.tool.schema.internal.SchemaDropperImpl$DelayedDropActionImpl] - HHH000477: Starting delayed evictData of schema as part of SessionFactory shut-down'
[INFO ] [28/01/2023 09:11:02 p. m.] [com.example.moneycoach.EntryTest] - Starting EntryTest using Java 17.0.5 with PID 11252 (started by USER in D:\USER\Escritorio\Proyectos\BEDU\HSBC\TP Developer Engineering\Java Backend Intermedio\Money-Coach\Money-Coach)
[INFO ] [28/01/2023 09:11:02 p. m.] [com.example.moneycoach.EntryTest] - No active profile set, falling back to 1 default profile: "default"
[INFO ] [28/01/2023 09:11:02 p. m.] [org.springframework.data.repository.config.RepositoryConfigurationDelegate] - Bootstrapping Spring Data JPA repositories in DEFAULT mode.
[INFO ] [28/01/2023 09:11:03 p. m.] [org.springframework.data.repository.config.RepositoryConfigurationDelegate] - Finished Spring Data repository scanning in 178 ms. Found 3 JPA repository interfaces.
[INFO ] [28/01/2023 09:11:03 p. m.] [org.springframework.boot.test.autoconfigure.jdbc.TestDatabaseAutoConfiguration$EmbeddedDataSourceBeanFactoryPostProcessor] - Replacing 'dataSource' DataSource bean with embedded version
[INFO ] [28/01/2023 09:11:03 p. m.] [org.springframework.jdbc.datasource.embedded.EmbeddedDatabaseFactory] - Starting embedded database: url='jdbc:h2:mem:4585bcb5-c36c-4176-a0c4-1b159102f0f5;DB_CLOSE_DELAY=-1;DB_CLOSE_ON_EXIT=false', username='sa'
[INFO ] [28/01/2023 09:11:03 p. m.] [org.hibernate.jpa.internal.util.LogHelper] - HHH000204: Processing PersistenceUnitInfo [name: default]
[INFO ] [28/01/2023 09:11:03 p. m.] [org.hibernate.Version] - HHH000412: Hibernate ORM core version 6.1.6.Final
[WARN ] [28/01/2023 09:11:03 p. m.] [org.hibernate.orm.deprecation] - HHH90000021: Encountered deprecated setting [javax.persistence.sharedCache.mode], use [jakarta.persistence.sharedCache.mode] instead
[INFO ] [28/01/2023 09:11:04 p. m.] [SQL dialect] - HHH000400: Using dialect: org.hibernate.dialect.H2Dialect
[INFO ] [28/01/2023 09:11:04 p. m.] [org.hibernate.metamodel.internal.EntityInstantiatorPojoStandard] - HHH000182: No default (no-argument) constructor for class: com.example.moneycoach.entity.Entry (class must be instantiated by Interceptor)
[INFO ] [28/01/2023 09:11:04 p. m.] [org.hibernate.engine.transaction.jta.platform.internal.JtaPlatformInitiator] - HHH000490: Using JtaPlatform implementation: [org.hibernate.engine.transaction.jta.platform.internal.NoJtaPlatform]
[INFO ] [28/01/2023 09:11:04 p. m.] [org.springframework.orm.jpa.LocalContainerEntityManagerFactoryBean] - Initialized JPA EntityManagerFactory for persistence unit 'default'
[INFO ] [28/01/2023 09:11:05 p. m.] [com.example.moneycoach.EntryTest] - Started EntryTest in 3.299 seconds (process running for 5.449)
[INFO ] [28/01/2023 09:11:05 p. m.] [com.example.moneycoach.EntryTest] - tearDown
[INFO ] [28/01/2023 09:11:05 p. m.] [com.example.moneycoach.EntryTest] - tearDown
[INFO ] [28/01/2023 09:11:05 p. m.] [com.example.moneycoach.EntryTest] - tearDown
[INFO ] [28/01/2023 09:11:05 p. m.] [com.example.moneycoach.EntryTest] - tearDown
[INFO ] [28/01/2023 09:11:05 p. m.] [com.example.moneycoach.EntryTest] - tearDown
[INFO ] [28/01/2023 09:11:05 p. m.] [com.example.moneycoach.EntryTest] - tearDownAll entry tests
[INFO ] [28/01/2023 09:11:05 p. m.] [org.springframework.orm.jpa.LocalContainerEntityManagerFactoryBean] - Closing JPA EntityManagerFactory for persistence unit 'default'
[INFO ] [28/01/2023 09:11:05 p. m.] [org.hibernate.tool.schema.internal.SchemaDropperImpl$DelayedDropActionImpl] - HHH000477: Starting delayed evictData of schema as part of SessionFactory shut-down'
[INFO ] [28/01/2023 09:55:36 p. m.] [com.example.moneycoach.MoneyCoachApplication] - Starting MoneyCoachApplication using Java 17.0.5 with PID 15672 (D:\USER\Escritorio\Proyectos\BEDU\HSBC\TP Developer Engineering\Java Backend Intermedio\Money-Coach\Money-Coach\target\classes started by USER in D:\USER\Escritorio\Proyectos\BEDU\HSBC\TP Developer Engineering\Java Backend Intermedio\Money-Coach\Money-Coach)
[INFO ] [28/01/2023 09:55:36 p. m.] [com.example.moneycoach.MoneyCoachApplication] - No active profile set, falling back to 1 default profile: "default"
[INFO ] [28/01/2023 09:55:37 p. m.] [org.springframework.data.repository.config.RepositoryConfigurationDelegate] - Bootstrapping Spring Data JPA repositories in DEFAULT mode.
[INFO ] [28/01/2023 09:55:37 p. m.] [org.springframework.data.repository.config.RepositoryConfigurationDelegate] - Finished Spring Data repository scanning in 125 ms. Found 3 JPA repository interfaces.
[INFO ] [28/01/2023 09:55:38 p. m.] [org.springframework.context.support.PostProcessorRegistrationDelegate$BeanPostProcessorChecker] - Bean 'org.springframework.ws.config.annotation.DelegatingWsConfiguration' of type [org.springframework.ws.config.annotation.DelegatingWsConfiguration$$SpringCGLIB$$0] is not eligible for getting processed by all BeanPostProcessors (for example: not eligible for auto-proxying)
[INFO ] [28/01/2023 09:55:38 p. m.] [org.springframework.ws.soap.addressing.server.AnnotationActionEndpointMapping] - Supporting [WS-Addressing August 2004, WS-Addressing 1.0]
[INFO ] [28/01/2023 09:55:38 p. m.] [org.springframework.boot.web.embedded.tomcat.TomcatWebServer] - Tomcat initialized with port(s): 3000 (http)
[INFO ] [28/01/2023 09:55:38 p. m.] [org.apache.catalina.core.StandardService] - Starting service [Tomcat]
[INFO ] [28/01/2023 09:55:38 p. m.] [org.apache.catalina.core.StandardEngine] - Starting Servlet engine: [Apache Tomcat/10.1.5]
[INFO ] [28/01/2023 09:55:38 p. m.] [org.apache.catalina.core.ContainerBase.[Tomcat].[localhost].[/]] - Initializing Spring embedded WebApplicationContext
[INFO ] [28/01/2023 09:55:38 p. m.] [org.springframework.boot.web.servlet.context.ServletWebServerApplicationContext] - Root WebApplicationContext: initialization completed in 1621 ms
[INFO ] [28/01/2023 09:55:38 p. m.] [com.zaxxer.hikari.HikariDataSource] - HikariPool-1 - Starting...
[INFO ] [28/01/2023 09:55:38 p. m.] [com.zaxxer.hikari.pool.HikariPool] - HikariPool-1 - Added connection conn0: url=jdbc:h2:file:~/test user=SA
[INFO ] [28/01/2023 09:55:38 p. m.] [com.zaxxer.hikari.HikariDataSource] - HikariPool-1 - Start completed.
[INFO ] [28/01/2023 09:55:38 p. m.] [org.springframework.boot.autoconfigure.h2.H2ConsoleAutoConfiguration] - H2 console available at '/h2'. Database available at 'jdbc:h2:file:~/test'
[INFO ] [28/01/2023 09:55:38 p. m.] [org.hibernate.jpa.internal.util.LogHelper] - HHH000204: Processing PersistenceUnitInfo [name: default]
[INFO ] [28/01/2023 09:55:38 p. m.] [org.hibernate.Version] - HHH000412: Hibernate ORM core version 6.1.6.Final
[WARN ] [28/01/2023 09:55:39 p. m.] [org.hibernate.orm.deprecation] - HHH90000021: Encountered deprecated setting [javax.persistence.sharedCache.mode], use [jakarta.persistence.sharedCache.mode] instead
[INFO ] [28/01/2023 09:55:39 p. m.] [SQL dialect] - HHH000400: Using dialect: org.hibernate.dialect.H2Dialect
[INFO ] [28/01/2023 09:55:39 p. m.] [org.hibernate.engine.transaction.jta.platform.internal.JtaPlatformInitiator] - HHH000490: Using JtaPlatform implementation: [org.hibernate.engine.transaction.jta.platform.internal.NoJtaPlatform]
[INFO ] [28/01/2023 09:55:39 p. m.] [org.springframework.orm.jpa.LocalContainerEntityManagerFactoryBean] - Initialized JPA EntityManagerFactory for persistence unit 'default'
[WARN ] [28/01/2023 09:55:40 p. m.] [org.springframework.boot.autoconfigure.orm.jpa.JpaBaseConfiguration$JpaWebConfiguration] - spring.jpa.open-in-view is enabled by default. Therefore, database queries may be performed during view rendering. Explicitly configure spring.jpa.open-in-view to disable this warning
[INFO ] [28/01/2023 09:55:40 p. m.] [org.springframework.security.web.DefaultSecurityFilterChain] - Will secure any request with [org.springframework.security.web.session.DisableEncodeUrlFilter@1978eab7, org.springframework.security.web.context.request.async.WebAsyncManagerIntegrationFilter@49dacc93, org.springframework.security.web.context.SecurityContextHolderFilter@1eda853f, org.springframework.security.web.header.HeaderWriterFilter@419c70f6, org.springframework.security.web.authentication.logout.LogoutFilter@30b075b9, org.springframework.security.web.authentication.www.BasicAuthenticationFilter@15c8b75c, org.springframework.security.web.savedrequest.RequestCacheAwareFilter@3984e2b3, org.springframework.security.web.servletapi.SecurityContextHolderAwareRequestFilter@35bb3fea, org.springframework.security.web.authentication.AnonymousAuthenticationFilter@dd025d9, org.springframework.security.web.session.SessionManagementFilter@1f67d37f, org.springframework.security.web.access.ExceptionTranslationFilter@4f239a76, org.springframework.security.web.access.intercept.AuthorizationFilter@4884350b]
[WARN ] [28/01/2023 09:55:41 p. m.] [org.springframework.core.LocalVariableTableParameterNameDiscoverer] - Using deprecated '-debug' fallback for parameter name resolution. Compile the affected code with '-parameters' instead or avoid its introspection: org.springframework.amqp.rabbit.core.RabbitAdmin
[INFO ] [28/01/2023 09:55:41 p. m.] [org.springframework.boot.web.embedded.tomcat.TomcatWebServer] - Tomcat started on port(s): 3000 (http) with context path ''
[INFO ] [28/01/2023 09:55:41 p. m.] [com.example.moneycoach.MoneyCoachApplication] - Started MoneyCoachApplication in 5.346 seconds (process running for 6.002)
[INFO ] [28/01/2023 09:55:45 p. m.] [org.springframework.orm.jpa.LocalContainerEntityManagerFactoryBean] - Closing JPA EntityManagerFactory for persistence unit 'default'
[INFO ] [28/01/2023 09:55:45 p. m.] [org.hibernate.tool.schema.internal.SchemaDropperImpl$DelayedDropActionImpl] - HHH000477: Starting delayed evictData of schema as part of SessionFactory shut-down'
[INFO ] [28/01/2023 09:55:45 p. m.] [com.zaxxer.hikari.HikariDataSource] - HikariPool-1 - Shutdown initiated...
[INFO ] [28/01/2023 09:55:45 p. m.] [com.zaxxer.hikari.HikariDataSource] - HikariPool-1 - Shutdown completed.
[INFO ] [28/01/2023 09:56:34 p. m.] [com.example.moneycoach.MoneyCoachApplication] - Starting MoneyCoachApplication using Java 17.0.5 with PID 11884 (D:\USER\Escritorio\Proyectos\BEDU\HSBC\TP Developer Engineering\Java Backend Intermedio\Money-Coach\Money-Coach\target\classes started by USER in D:\USER\Escritorio\Proyectos\BEDU\HSBC\TP Developer Engineering\Java Backend Intermedio\Money-Coach\Money-Coach)
[INFO ] [28/01/2023 09:56:34 p. m.] [com.example.moneycoach.MoneyCoachApplication] - No active profile set, falling back to 1 default profile: "default"
[INFO ] [28/01/2023 09:56:34 p. m.] [org.springframework.data.repository.config.RepositoryConfigurationDelegate] - Bootstrapping Spring Data JPA repositories in DEFAULT mode.
[INFO ] [28/01/2023 09:56:35 p. m.] [org.springframework.data.repository.config.RepositoryConfigurationDelegate] - Finished Spring Data repository scanning in 127 ms. Found 3 JPA repository interfaces.
[INFO ] [28/01/2023 09:56:35 p. m.] [org.springframework.context.support.PostProcessorRegistrationDelegate$BeanPostProcessorChecker] - Bean 'org.springframework.ws.config.annotation.DelegatingWsConfiguration' of type [org.springframework.ws.config.annotation.DelegatingWsConfiguration$$SpringCGLIB$$0] is not eligible for getting processed by all BeanPostProcessors (for example: not eligible for auto-proxying)
[INFO ] [28/01/2023 09:56:35 p. m.] [org.springframework.ws.soap.addressing.server.AnnotationActionEndpointMapping] - Supporting [WS-Addressing August 2004, WS-Addressing 1.0]
[INFO ] [28/01/2023 09:56:35 p. m.] [org.springframework.boot.web.embedded.tomcat.TomcatWebServer] - Tomcat initialized with port(s): 3000 (http)
[INFO ] [28/01/2023 09:56:35 p. m.] [org.apache.catalina.core.StandardService] - Starting service [Tomcat]
[INFO ] [28/01/2023 09:56:35 p. m.] [org.apache.catalina.core.StandardEngine] - Starting Servlet engine: [Apache Tomcat/10.1.5]
[INFO ] [28/01/2023 09:56:35 p. m.] [org.apache.catalina.core.ContainerBase.[Tomcat].[localhost].[/]] - Initializing Spring embedded WebApplicationContext
[INFO ] [28/01/2023 09:56:35 p. m.] [org.springframework.boot.web.servlet.context.ServletWebServerApplicationContext] - Root WebApplicationContext: initialization completed in 1591 ms
[INFO ] [28/01/2023 09:56:35 p. m.] [com.zaxxer.hikari.HikariDataSource] - HikariPool-1 - Starting...
[INFO ] [28/01/2023 09:56:36 p. m.] [com.zaxxer.hikari.pool.HikariPool] - HikariPool-1 - Added connection conn0: url=jdbc:h2:file:~/test user=SA
[INFO ] [28/01/2023 09:56:36 p. m.] [com.zaxxer.hikari.HikariDataSource] - HikariPool-1 - Start completed.
[INFO ] [28/01/2023 09:56:36 p. m.] [org.springframework.boot.autoconfigure.h2.H2ConsoleAutoConfiguration] - H2 console available at '/h2'. Database available at 'jdbc:h2:file:~/test'
[INFO ] [28/01/2023 09:56:36 p. m.] [org.hibernate.jpa.internal.util.LogHelper] - HHH000204: Processing PersistenceUnitInfo [name: default]
[INFO ] [28/01/2023 09:56:36 p. m.] [org.hibernate.Version] - HHH000412: Hibernate ORM core version 6.1.6.Final
[WARN ] [28/01/2023 09:56:36 p. m.] [org.hibernate.orm.deprecation] - HHH90000021: Encountered deprecated setting [javax.persistence.sharedCache.mode], use [jakarta.persistence.sharedCache.mode] instead
[INFO ] [28/01/2023 09:56:36 p. m.] [SQL dialect] - HHH000400: Using dialect: org.hibernate.dialect.H2Dialect
[INFO ] [28/01/2023 09:56:37 p. m.] [org.hibernate.engine.transaction.jta.platform.internal.JtaPlatformInitiator] - HHH000490: Using JtaPlatform implementation: [org.hibernate.engine.transaction.jta.platform.internal.NoJtaPlatform]
[INFO ] [28/01/2023 09:56:37 p. m.] [org.springframework.orm.jpa.LocalContainerEntityManagerFactoryBean] - Initialized JPA EntityManagerFactory for persistence unit 'default'
[WARN ] [28/01/2023 09:56:37 p. m.] [org.springframework.boot.autoconfigure.orm.jpa.JpaBaseConfiguration$JpaWebConfiguration] - spring.jpa.open-in-view is enabled by default. Therefore, database queries may be performed during view rendering. Explicitly configure spring.jpa.open-in-view to disable this warning
[INFO ] [28/01/2023 09:56:38 p. m.] [org.springframework.security.web.DefaultSecurityFilterChain] - Will secure any request with [org.springframework.security.web.session.DisableEncodeUrlFilter@6037748a, org.springframework.security.web.context.request.async.WebAsyncManagerIntegrationFilter@4d87e7f3, org.springframework.security.web.context.SecurityContextHolderFilter@67201002, org.springframework.security.web.header.HeaderWriterFilter@627ad446, org.springframework.security.web.authentication.logout.LogoutFilter@49dacc93, org.springframework.security.web.authentication.www.BasicAuthenticationFilter@7e4a6afd, org.springframework.security.web.savedrequest.RequestCacheAwareFilter@1f39b3ba, org.springframework.security.web.servletapi.SecurityContextHolderAwareRequestFilter@53b579d2, org.springframework.security.web.authentication.AnonymousAuthenticationFilter@14c7ab73, org.springframework.security.web.session.SessionManagementFilter@1ae2028d, org.springframework.security.web.access.ExceptionTranslationFilter@64821706, org.springframework.security.web.access.intercept.AuthorizationFilter@3338d706]
[WARN ] [28/01/2023 09:56:39 p. m.] [org.springframework.core.LocalVariableTableParameterNameDiscoverer] - Using deprecated '-debug' fallback for parameter name resolution. Compile the affected code with '-parameters' instead or avoid its introspection: org.springframework.amqp.rabbit.core.RabbitAdmin
[INFO ] [28/01/2023 09:56:39 p. m.] [org.springframework.boot.web.embedded.tomcat.TomcatWebServer] - Tomcat started on port(s): 3000 (http) with context path ''
[INFO ] [28/01/2023 09:56:39 p. m.] [com.example.moneycoach.MoneyCoachApplication] - Started MoneyCoachApplication in 5.294 seconds (process running for 5.938)
[INFO ] [28/01/2023 09:56:49 p. m.] [org.apache.catalina.core.ContainerBase.[Tomcat].[localhost].[/]] - Initializing Spring DispatcherServlet 'dispatcherServlet'
[INFO ] [28/01/2023 09:56:49 p. m.] [org.springframework.web.servlet.DispatcherServlet] - Initializing Servlet 'dispatcherServlet'
[INFO ] [28/01/2023 09:56:49 p. m.] [org.springframework.web.servlet.DispatcherServlet] - Completed initialization in 1 ms
[INFO ] [28/01/2023 09:56:49 p. m.] [com.example.moneycoach.service.PersonService] - User Added Successfully
[INFO ] [28/01/2023 09:57:02 p. m.] [com.example.moneycoach.service.EntryService] - Entry Added Successfully
[INFO ] [28/01/2023 09:57:17 p. m.] [org.springframework.orm.jpa.LocalContainerEntityManagerFactoryBean] - Closing JPA EntityManagerFactory for persistence unit 'default'
[INFO ] [28/01/2023 09:57:17 p. m.] [org.hibernate.tool.schema.internal.SchemaDropperImpl$DelayedDropActionImpl] - HHH000477: Starting delayed evictData of schema as part of SessionFactory shut-down'
[INFO ] [28/01/2023 09:57:17 p. m.] [com.zaxxer.hikari.HikariDataSource] - HikariPool-1 - Shutdown initiated...
[INFO ] [28/01/2023 09:57:17 p. m.] [com.zaxxer.hikari.HikariDataSource] - HikariPool-1 - Shutdown completed.
[INFO ] [28/01/2023 11:20:38 p. m.] [com.example.moneycoach.MoneyCoachApplication] - Starting MoneyCoachApplication using Java 17.0.5 with PID 8652 (D:\USER\Escritorio\Proyectos\BEDU\HSBC\TP Developer Engineering\Java Backend Intermedio\Money-Coach\Money-Coach\target\classes started by USER in D:\USER\Escritorio\Proyectos\BEDU\HSBC\TP Developer Engineering\Java Backend Intermedio\Money-Coach\Money-Coach)
[INFO ] [28/01/2023 11:20:38 p. m.] [com.example.moneycoach.MoneyCoachApplication] - No active profile set, falling back to 1 default profile: "default"
[INFO ] [28/01/2023 11:20:39 p. m.] [org.springframework.data.repository.config.RepositoryConfigurationDelegate] - Bootstrapping Spring Data JPA repositories in DEFAULT mode.
[INFO ] [28/01/2023 11:20:39 p. m.] [org.springframework.data.repository.config.RepositoryConfigurationDelegate] - Finished Spring Data repository scanning in 130 ms. Found 3 JPA repository interfaces.
[INFO ] [28/01/2023 11:20:39 p. m.] [org.springframework.context.support.PostProcessorRegistrationDelegate$BeanPostProcessorChecker] - Bean 'org.springframework.ws.config.annotation.DelegatingWsConfiguration' of type [org.springframework.ws.config.annotation.DelegatingWsConfiguration$$SpringCGLIB$$0] is not eligible for getting processed by all BeanPostProcessors (for example: not eligible for auto-proxying)
[INFO ] [28/01/2023 11:20:39 p. m.] [org.springframework.ws.soap.addressing.server.AnnotationActionEndpointMapping] - Supporting [WS-Addressing August 2004, WS-Addressing 1.0]
[INFO ] [28/01/2023 11:20:40 p. m.] [org.springframework.boot.web.embedded.tomcat.TomcatWebServer] - Tomcat initialized with port(s): 3000 (http)
[INFO ] [28/01/2023 11:20:40 p. m.] [org.apache.catalina.core.StandardService] - Starting service [Tomcat]
[INFO ] [28/01/2023 11:20:40 p. m.] [org.apache.catalina.core.StandardEngine] - Starting Servlet engine: [Apache Tomcat/10.1.5]
[INFO ] [28/01/2023 11:20:40 p. m.] [org.apache.catalina.core.ContainerBase.[Tomcat].[localhost].[/]] - Initializing Spring embedded WebApplicationContext
[INFO ] [28/01/2023 11:20:40 p. m.] [org.springframework.boot.web.servlet.context.ServletWebServerApplicationContext] - Root WebApplicationContext: initialization completed in 1604 ms
[INFO ] [28/01/2023 11:20:40 p. m.] [com.zaxxer.hikari.HikariDataSource] - HikariPool-1 - Starting...
[INFO ] [28/01/2023 11:20:40 p. m.] [com.zaxxer.hikari.pool.HikariPool] - HikariPool-1 - Added connection conn0: url=jdbc:h2:file:~/test user=SA
[INFO ] [28/01/2023 11:20:40 p. m.] [com.zaxxer.hikari.HikariDataSource] - HikariPool-1 - Start completed.
[INFO ] [28/01/2023 11:20:40 p. m.] [org.springframework.boot.autoconfigure.h2.H2ConsoleAutoConfiguration] - H2 console available at '/h2'. Database available at 'jdbc:h2:file:~/test'
[INFO ] [28/01/2023 11:20:40 p. m.] [org.hibernate.jpa.internal.util.LogHelper] - HHH000204: Processing PersistenceUnitInfo [name: default]
[INFO ] [28/01/2023 11:20:40 p. m.] [org.hibernate.Version] - HHH000412: Hibernate ORM core version 6.1.6.Final
[WARN ] [28/01/2023 11:20:40 p. m.] [org.hibernate.orm.deprecation] - HHH90000021: Encountered deprecated setting [javax.persistence.sharedCache.mode], use [jakarta.persistence.sharedCache.mode] instead
[INFO ] [28/01/2023 11:20:40 p. m.] [SQL dialect] - HHH000400: Using dialect: org.hibernate.dialect.H2Dialect
[INFO ] [28/01/2023 11:20:41 p. m.] [org.hibernate.engine.transaction.jta.platform.internal.JtaPlatformInitiator] - HHH000490: Using JtaPlatform implementation: [org.hibernate.engine.transaction.jta.platform.internal.NoJtaPlatform]
[INFO ] [28/01/2023 11:20:41 p. m.] [org.springframework.orm.jpa.LocalContainerEntityManagerFactoryBean] - Initialized JPA EntityManagerFactory for persistence unit 'default'
[WARN ] [28/01/2023 11:20:41 p. m.] [org.springframework.boot.autoconfigure.orm.jpa.JpaBaseConfiguration$JpaWebConfiguration] - spring.jpa.open-in-view is enabled by default. Therefore, database queries may be performed during view rendering. Explicitly configure spring.jpa.open-in-view to disable this warning
[INFO ] [28/01/2023 11:20:42 p. m.] [org.springframework.security.web.DefaultSecurityFilterChain] - Will secure any request with [org.springframework.security.web.session.DisableEncodeUrlFilter@4a985388, org.springframework.security.web.context.request.async.WebAsyncManagerIntegrationFilter@15c8b75c, org.springframework.security.web.context.SecurityContextHolderFilter@1e9afe4e, org.springframework.security.web.header.HeaderWriterFilter@51e14cb6, org.springframework.security.web.authentication.logout.LogoutFilter@3da701a1, org.springframework.security.web.authentication.www.BasicAuthenticationFilter@3ddc5a75, org.springframework.security.web.savedrequest.RequestCacheAwareFilter@5b8ba1d2, org.springframework.security.web.servletapi.SecurityContextHolderAwareRequestFilter@57fb6900, org.springframework.security.web.authentication.AnonymousAuthenticationFilter@26fc464f, org.springframework.security.web.session.SessionManagementFilter@4b6942a0, org.springframework.security.web.access.ExceptionTranslationFilter@1bf4a79b, org.springframework.security.web.access.intercept.AuthorizationFilter@1f7853af]
[WARN ] [28/01/2023 11:20:43 p. m.] [org.springframework.core.LocalVariableTableParameterNameDiscoverer] - Using deprecated '-debug' fallback for parameter name resolution. Compile the affected code with '-parameters' instead or avoid its introspection: org.springframework.amqp.rabbit.core.RabbitAdmin
[INFO ] [28/01/2023 11:20:43 p. m.] [org.springframework.boot.web.embedded.tomcat.TomcatWebServer] - Tomcat started on port(s): 3000 (http) with context path ''
[INFO ] [28/01/2023 11:20:43 p. m.] [com.example.moneycoach.MoneyCoachApplication] - Started MoneyCoachApplication in 5.326 seconds (process running for 5.945)
[INFO ] [28/01/2023 11:20:49 p. m.] [org.apache.catalina.core.ContainerBase.[Tomcat].[localhost].[/]] - Initializing Spring DispatcherServlet 'dispatcherServlet'
[INFO ] [28/01/2023 11:20:49 p. m.] [org.springframework.web.servlet.DispatcherServlet] - Initializing Servlet 'dispatcherServlet'
[INFO ] [28/01/2023 11:20:49 p. m.] [org.springframework.web.servlet.DispatcherServlet] - Completed initialization in 1 ms
[INFO ] [28/01/2023 11:20:49 p. m.] [com.example.moneycoach.service.ExitService] - Exit Added Successfully
[INFO ] [28/01/2023 11:20:52 p. m.] [org.springframework.orm.jpa.LocalContainerEntityManagerFactoryBean] - Closing JPA EntityManagerFactory for persistence unit 'default'
[INFO ] [28/01/2023 11:20:52 p. m.] [org.hibernate.tool.schema.internal.SchemaDropperImpl$DelayedDropActionImpl] - HHH000477: Starting delayed evictData of schema as part of SessionFactory shut-down'
[INFO ] [28/01/2023 11:20:52 p. m.] [com.zaxxer.hikari.HikariDataSource] - HikariPool-1 - Shutdown initiated...
[INFO ] [28/01/2023 11:20:52 p. m.] [com.zaxxer.hikari.HikariDataSource] - HikariPool-1 - Shutdown completed.
[INFO ] [28/01/2023 11:24:10 p. m.] [com.example.moneycoach.MoneyCoachApplication] - Starting MoneyCoachApplication using Java 17.0.5 with PID 2324 (D:\USER\Escritorio\Proyectos\BEDU\HSBC\TP Developer Engineering\Java Backend Intermedio\Money-Coach\Money-Coach\target\classes started by USER in D:\USER\Escritorio\Proyectos\BEDU\HSBC\TP Developer Engineering\Java Backend Intermedio\Money-Coach\Money-Coach)
[INFO ] [28/01/2023 11:24:10 p. m.] [com.example.moneycoach.MoneyCoachApplication] - No active profile set, falling back to 1 default profile: "default"
[INFO ] [28/01/2023 11:24:11 p. m.] [org.springframework.data.repository.config.RepositoryConfigurationDelegate] - Bootstrapping Spring Data JPA repositories in DEFAULT mode.
[INFO ] [28/01/2023 11:24:11 p. m.] [org.springframework.data.repository.config.RepositoryConfigurationDelegate] - Finished Spring Data repository scanning in 126 ms. Found 3 JPA repository interfaces.
[INFO ] [28/01/2023 11:24:11 p. m.] [org.springframework.context.support.PostProcessorRegistrationDelegate$BeanPostProcessorChecker] - Bean 'org.springframework.ws.config.annotation.DelegatingWsConfiguration' of type [org.springframework.ws.config.annotation.DelegatingWsConfiguration$$SpringCGLIB$$0] is not eligible for getting processed by all BeanPostProcessors (for example: not eligible for auto-proxying)
[INFO ] [28/01/2023 11:24:11 p. m.] [org.springframework.ws.soap.addressing.server.AnnotationActionEndpointMapping] - Supporting [WS-Addressing August 2004, WS-Addressing 1.0]
[INFO ] [28/01/2023 11:24:11 p. m.] [org.springframework.boot.web.embedded.tomcat.TomcatWebServer] - Tomcat initialized with port(s): 3000 (http)
[INFO ] [28/01/2023 11:24:11 p. m.] [org.apache.catalina.core.StandardService] - Starting service [Tomcat]
[INFO ] [28/01/2023 11:24:11 p. m.] [org.apache.catalina.core.StandardEngine] - Starting Servlet engine: [Apache Tomcat/10.1.5]
[INFO ] [28/01/2023 11:24:12 p. m.] [org.apache.catalina.core.ContainerBase.[Tomcat].[localhost].[/]] - Initializing Spring embedded WebApplicationContext
[INFO ] [28/01/2023 11:24:12 p. m.] [org.springframework.boot.web.servlet.context.ServletWebServerApplicationContext] - Root WebApplicationContext: initialization completed in 1588 ms
[INFO ] [28/01/2023 11:24:12 p. m.] [com.zaxxer.hikari.HikariDataSource] - HikariPool-1 - Starting...
[INFO ] [28/01/2023 11:24:12 p. m.] [com.zaxxer.hikari.pool.HikariPool] - HikariPool-1 - Added connection conn0: url=jdbc:h2:file:~/test user=SA
[INFO ] [28/01/2023 11:24:12 p. m.] [com.zaxxer.hikari.HikariDataSource] - HikariPool-1 - Start completed.
[INFO ] [28/01/2023 11:24:12 p. m.] [org.springframework.boot.autoconfigure.h2.H2ConsoleAutoConfiguration] - H2 console available at '/h2'. Database available at 'jdbc:h2:file:~/test'
[INFO ] [28/01/2023 11:24:12 p. m.] [org.hibernate.jpa.internal.util.LogHelper] - HHH000204: Processing PersistenceUnitInfo [name: default]
[INFO ] [28/01/2023 11:24:12 p. m.] [org.hibernate.Version] - HHH000412: Hibernate ORM core version 6.1.6.Final
[WARN ] [28/01/2023 11:24:12 p. m.] [org.hibernate.orm.deprecation] - HHH90000021: Encountered deprecated setting [javax.persistence.sharedCache.mode], use [jakarta.persistence.sharedCache.mode] instead
[INFO ] [28/01/2023 11:24:12 p. m.] [SQL dialect] - HHH000400: Using dialect: org.hibernate.dialect.H2Dialect
[INFO ] [28/01/2023 11:24:13 p. m.] [org.hibernate.engine.transaction.jta.platform.internal.JtaPlatformInitiator] - HHH000490: Using JtaPlatform implementation: [org.hibernate.engine.transaction.jta.platform.internal.NoJtaPlatform]
[INFO ] [28/01/2023 11:24:13 p. m.] [org.springframework.orm.jpa.LocalContainerEntityManagerFactoryBean] - Initialized JPA EntityManagerFactory for persistence unit 'default'
[WARN ] [28/01/2023 11:24:13 p. m.] [org.springframework.boot.autoconfigure.orm.jpa.JpaBaseConfiguration$JpaWebConfiguration] - spring.jpa.open-in-view is enabled by default. Therefore, database queries may be performed during view rendering. Explicitly configure spring.jpa.open-in-view to disable this warning
[INFO ] [28/01/2023 11:24:14 p. m.] [org.springframework.security.web.DefaultSecurityFilterChain] - Will secure any request with [org.springframework.security.web.session.DisableEncodeUrlFilter@54a98358, org.springframework.security.web.context.request.async.WebAsyncManagerIntegrationFilter@1f7853af, org.springframework.security.web.context.SecurityContextHolderFilter@a1be5cb, org.springframework.security.web.header.HeaderWriterFilter@590ab84, org.springframework.security.web.authentication.logout.LogoutFilter@6eaf6ced, org.springframework.security.web.authentication.www.BasicAuthenticationFilter@359fd0a2, org.springframework.security.web.savedrequest.RequestCacheAwareFilter@715523b8, org.springframework.security.web.servletapi.SecurityContextHolderAwareRequestFilter@4f239a76, org.springframework.security.web.authentication.AnonymousAuthenticationFilter@2c56e044, org.springframework.security.web.session.SessionManagementFilter@3aac31b7, org.springframework.security.web.access.ExceptionTranslationFilter@bafc754, org.springframework.security.web.access.intercept.AuthorizationFilter@4ed492df]
[WARN ] [28/01/2023 11:24:15 p. m.] [org.springframework.core.LocalVariableTableParameterNameDiscoverer] - Using deprecated '-debug' fallback for parameter name resolution. Compile the affected code with '-parameters' instead or avoid its introspection: org.springframework.amqp.rabbit.core.RabbitAdmin
[INFO ] [28/01/2023 11:24:15 p. m.] [org.springframework.boot.web.embedded.tomcat.TomcatWebServer] - Tomcat started on port(s): 3000 (http) with context path ''
[INFO ] [28/01/2023 11:24:15 p. m.] [com.example.moneycoach.MoneyCoachApplication] - Started MoneyCoachApplication in 5.418 seconds (process running for 6.079)
[INFO ] [28/01/2023 11:24:21 p. m.] [org.apache.catalina.core.ContainerBase.[Tomcat].[localhost].[/]] - Initializing Spring DispatcherServlet 'dispatcherServlet'
[INFO ] [28/01/2023 11:24:21 p. m.] [org.springframework.web.servlet.DispatcherServlet] - Initializing Servlet 'dispatcherServlet'
[INFO ] [28/01/2023 11:24:21 p. m.] [org.springframework.web.servlet.DispatcherServlet] - Completed initialization in 1 ms
[INFO ] [28/01/2023 11:24:21 p. m.] [com.example.moneycoach.service.PersonService] - User Added Successfully
[INFO ] [28/01/2023 11:24:25 p. m.] [org.springframework.orm.jpa.LocalContainerEntityManagerFactoryBean] - Closing JPA EntityManagerFactory for persistence unit 'default'
[INFO ] [28/01/2023 11:24:25 p. m.] [org.hibernate.tool.schema.internal.SchemaDropperImpl$DelayedDropActionImpl] - HHH000477: Starting delayed evictData of schema as part of SessionFactory shut-down'
[INFO ] [28/01/2023 11:24:25 p. m.] [com.zaxxer.hikari.HikariDataSource] - HikariPool-1 - Shutdown initiated...
[INFO ] [28/01/2023 11:24:25 p. m.] [com.zaxxer.hikari.HikariDataSource] - HikariPool-1 - Shutdown completed.
